# JRE version: OpenJDK Runtime Environment Temurin-21.0.10+7 (21.0.10+7) (build 21.0.10+7-LTS)
# Java VM: OpenJDK 64-Bit Server VM Temurin-21.0.10+7 (21.0.10+7-LTS, mixed mode, sharing, tiered, compressed oops, compressed class ptrs, parallel gc, windows-amd64)
GC Precious Log:
 CardTable entry size: 512
 CPUs: 8 total, 8 available
 Memory: 7877M
 Large Page Support: Disabled
 NUMA Support: Disabled
 Compressed Oops: Enabled (32-bit)
 Alignments: Space 512K, Generation 512K, Heap 2M
 Heap Min Capacity: 100M
 Heap Initial Capacity: 100M
 Heap Max Capacity: 2G
 Pre-touch: Disabled
 Parallel Workers: 8
Heap:
 PSYoungGen      total 20992K, used 20964K [0x00000000d5580000, 0x00000000d6e80000, 0x0000000100000000)
  eden space 20480K, 100% used [0x00000000d5580000,0x00000000d6980000,0x00000000d6980000)
  from space 512K, 94% used [0x00000000d6b80000,0x00000000d6bf9170,0x00000000d6c00000)
  to   space 2048K, 99% used [0x00000000d6c80000,0x00000000d6e7ca18,0x00000000d6e80000)
 ParOldGen       total 86016K, used 86012K [0x0000000080000000, 0x0000000085400000, 0x00000000d5580000)
  object space 86016K, 99% used [0x0000000080000000,0x00000000853ff068,0x0000000085400000)
 Metaspace       used 58017K, committed 59456K, reserved 1114112K
  class space    used 6309K, committed 6912K, reserved 1048576K
GC Heap History (20 events):
Event: 12.517 GC heap before
{Heap before GC invocations=31 (full 2):
 PSYoungGen      total 23040K, used 22633K [0x00000000d5580000, 0x00000000d6e80000, 0x0000000100000000)
  eden space 22016K, 99% used [0x00000000d5580000,0x00000000d6afc190,0x00000000d6b00000)
  from space 1024K, 61% used [0x00000000d6d80000,0x00000000d6e1e2e8,0x00000000d6e80000)
  to   space 1536K, 0% used [0x00000000d6b80000,0x00000000d6b80000,0x00000000d6d00000)
 ParOldGen       total 68608K, used 46467K [0x0000000080000000, 0x0000000084300000, 0x00000000d5580000)
  object space 68608K, 67% used [0x0000000080000000,0x0000000082d60c00,0x0000000084300000)
 Metaspace       used 53429K, committed 54784K, reserved 1114112K
  class space    used 5882K, committed 6464K, reserved 1048576K
}
Event: 12.519 GC heap after
{Heap after GC invocations=31 (full 2):
 PSYoungGen      total 23552K, used 682K [0x00000000d5580000, 0x00000000d6e00000, 0x0000000100000000)
  eden space 22016K, 0% used [0x00000000d5580000,0x00000000d5580000,0x00000000d6b00000)
  from space 1536K, 44% used [0x00000000d6b80000,0x00000000d6c2a898,0x00000000d6d00000)
  to   space 1024K, 0% used [0x00000000d6d00000,0x00000000d6d00000,0x00000000d6e00000)
 ParOldGen       total 68608K, used 46994K [0x0000000080000000, 0x0000000084300000, 0x00000000d5580000)
  object space 68608K, 68% used [0x0000000080000000,0x0000000082de4990,0x0000000084300000)
 Metaspace       used 53429K, committed 54784K, reserved 1114112K
  class space    used 5882K, committed 6464K, reserved 1048576K
}
Event: 12.860 GC heap before
{Heap before GC invocations=32 (full 2):
 PSYoungGen      total 23552K, used 22698K [0x00000000d5580000, 0x00000000d6e00000, 0x0000000100000000)
  eden space 22016K, 100% used [0x00000000d5580000,0x00000000d6b00000,0x00000000d6b00000)
  from space 1536K, 44% used [0x00000000d6b80000,0x00000000d6c2a898,0x00000000d6d00000)
  to   space 1024K, 0% used [0x00000000d6d00000,0x00000000d6d00000,0x00000000d6e00000)
 ParOldGen       total 68608K, used 46994K [0x0000000080000000, 0x0000000084300000, 0x00000000d5580000)
  object space 68608K, 68% used [0x0000000080000000,0x0000000082de4990,0x0000000084300000)
 Metaspace       used 55580K, committed 57024K, reserved 1114112K
  class space    used 6100K, committed 6720K, reserved 1048576K
}
Event: 12.863 GC heap after
{Heap after GC invocations=32 (full 2):
 PSYoungGen      total 21504K, used 1008K [0x00000000d5580000, 0x00000000d7200000, 0x0000000100000000)
  eden space 20480K, 0% used [0x00000000d5580000,0x00000000d5580000,0x00000000d6980000)
  from space 1024K, 98% used [0x00000000d6d00000,0x00000000d6dfc010,0x00000000d6e00000)
  to   space 3584K, 0% used [0x00000000d6980000,0x00000000d6980000,0x00000000d6d00000)
 ParOldGen       total 68608K, used 48763K [0x0000000080000000, 0x0000000084300000, 0x00000000d5580000)
  object space 68608K, 71% used [0x0000000080000000,0x0000000082f9ec40,0x0000000084300000)
 Metaspace       used 55580K, committed 57024K, reserved 1114112K
  class space    used 6100K, committed 6720K, reserved 1048576K
}
Event: 13.055 GC heap before
{Heap before GC invocations=33 (full 2):
 PSYoungGen      total 21504K, used 21488K [0x00000000d5580000, 0x00000000d7200000, 0x0000000100000000)
  eden space 20480K, 100% used [0x00000000d5580000,0x00000000d6980000,0x00000000d6980000)
  from space 1024K, 98% used [0x00000000d6d00000,0x00000000d6dfc010,0x00000000d6e00000)
  to   space 3584K, 0% used [0x00000000d6980000,0x00000000d6980000,0x00000000d6d00000)
 ParOldGen       total 68608K, used 48763K [0x0000000080000000, 0x0000000084300000, 0x00000000d5580000)
  object space 68608K, 71% used [0x0000000080000000,0x0000000082f9ed18,0x0000000084300000)
 Metaspace       used 57115K, committed 58560K, reserved 1114112K
  class space    used 6235K, committed 6848K, reserved 1048576K
}
Event: 13.060 GC heap after
{Heap after GC invocations=33 (full 2):
 PSYoungGen      total 24064K, used 2681K [0x00000000d5580000, 0x00000000d7100000, 0x0000000100000000)
  eden space 20480K, 0% used [0x00000000d5580000,0x00000000d5580000,0x00000000d6980000)
  from space 3584K, 74% used [0x00000000d6980000,0x00000000d6c1e408,0x00000000d6d00000)
  to   space 3072K, 0% used [0x00000000d6e00000,0x00000000d6e00000,0x00000000d7100000)
 ParOldGen       total 68608K, used 53459K [0x0000000080000000, 0x0000000084300000, 0x00000000d5580000)
  object space 68608K, 77% used [0x0000000080000000,0x0000000083434f10,0x0000000084300000)
 Metaspace       used 57115K, committed 58560K, reserved 1114112K
  class space    used 6235K, committed 6848K, reserved 1048576K
}
Event: 13.213 GC heap before
{Heap before GC invocations=34 (full 2):
 PSYoungGen      total 24064K, used 23161K [0x00000000d5580000, 0x00000000d7100000, 0x0000000100000000)
  eden space 20480K, 100% used [0x00000000d5580000,0x00000000d6980000,0x00000000d6980000)
  from space 3584K, 74% used [0x00000000d6980000,0x00000000d6c1e408,0x00000000d6d00000)
  to   space 3072K, 0% used [0x00000000d6e00000,0x00000000d6e00000,0x00000000d7100000)
 ParOldGen       total 83968K, used 79791K [0x0000000080000000, 0x0000000085200000, 0x00000000d5580000)
  object space 83968K, 95% used [0x0000000080000000,0x0000000084debd78,0x0000000085200000)
 Metaspace       used 57711K, committed 59136K, reserved 1114112K
  class space    used 6297K, committed 6912K, reserved 1048576K
}
Event: 13.217 GC heap after
{Heap after GC invocations=34 (full 2):
 PSYoungGen      total 22016K, used 1296K [0x00000000d5580000, 0x00000000d6f80000, 0x0000000100000000)
  eden space 20480K, 0% used [0x00000000d5580000,0x00000000d5580000,0x00000000d6980000)
  from space 1536K, 84% used [0x00000000d6e00000,0x00000000d6f443e8,0x00000000d6f80000)
  to   space 2048K, 0% used [0x00000000d6b80000,0x00000000d6b80000,0x00000000d6d80000)
 ParOldGen       total 83968K, used 82162K [0x0000000080000000, 0x0000000085200000, 0x00000000d5580000)
  object space 83968K, 97% used [0x0000000080000000,0x000000008503c968,0x0000000085200000)
 Metaspace       used 57711K, committed 59136K, reserved 1114112K
  class space    used 6297K, committed 6912K, reserved 1048576K
}
Event: 13.255 GC heap before
{Heap before GC invocations=35 (full 2):
 PSYoungGen      total 22016K, used 21776K [0x00000000d5580000, 0x00000000d6f80000, 0x0000000100000000)
  eden space 20480K, 100% used [0x00000000d5580000,0x00000000d6980000,0x00000000d6980000)
  from space 1536K, 84% used [0x00000000d6e00000,0x00000000d6f443e8,0x00000000d6f80000)
  to   space 2048K, 0% used [0x00000000d6b80000,0x00000000d6b80000,0x00000000d6d80000)
 ParOldGen       total 83968K, used 82162K [0x0000000080000000, 0x0000000085200000, 0x00000000d5580000)
  object space 83968K, 97% used [0x0000000080000000,0x000000008503c968,0x0000000085200000)
 Metaspace       used 57742K, committed 59136K, reserved 1114112K
  class space    used 6300K, committed 6912K, reserved 1048576K
}
Event: 13.257 GC heap after
{Heap after GC invocations=35 (full 2):
 PSYoungGen      total 22016K, used 21776K [0x00000000d5580000, 0x00000000d6f80000, 0x0000000100000000)
  eden space 20480K, 100% used [0x00000000d5580000,0x00000000d6980000,0x00000000d6980000)
  from space 1536K, 84% used [0x00000000d6e00000,0x00000000d6f443e8,0x00000000d6f80000)
  to   space 2048K, 76% used [0x00000000d6b80000,0x00000000d6d08000,0x00000000d6d80000)
 ParOldGen       total 83968K, used 83095K [0x0000000080000000, 0x0000000085200000, 0x00000000d5580000)
  object space 83968K, 98% used [0x0000000080000000,0x0000000085125f28,0x0000000085200000)
 Metaspace       used 57742K, committed 59136K, reserved 1114112K
  class space    used 6300K, committed 6912K, reserved 1048576K
}
Event: 13.257 GC heap before
{Heap before GC invocations=36 (full 3):
 PSYoungGen      total 22016K, used 21776K [0x00000000d5580000, 0x00000000d6f80000, 0x0000000100000000)
  eden space 20480K, 100% used [0x00000000d5580000,0x00000000d6980000,0x00000000d6980000)
  from space 1536K, 84% used [0x00000000d6e00000,0x00000000d6f443e8,0x00000000d6f80000)
  to   space 2048K, 76% used [0x00000000d6b80000,0x00000000d6d08000,0x00000000d6d80000)
 ParOldGen       total 83968K, used 83095K [0x0000000080000000, 0x0000000085200000, 0x00000000d5580000)
  object space 83968K, 98% used [0x0000000080000000,0x0000000085125f28,0x0000000085200000)
 Metaspace       used 57742K, committed 59136K, reserved 1114112K
  class space    used 6300K, committed 6912K, reserved 1048576K
}
Event: 13.421 GC heap after
{Heap after GC invocations=36 (full 3):
 PSYoungGen      total 20992K, used 0K [0x00000000d5580000, 0x00000000d6e80000, 0x0000000100000000)
  eden space 20480K, 0% used [0x00000000d5580000,0x00000000d5580000,0x00000000d6980000)
  from space 512K, 0% used [0x00000000d6b80000,0x00000000d6b80000,0x00000000d6c00000)
  to   space 2048K, 0% used [0x00000000d6c80000,0x00000000d6c80000,0x00000000d6e80000)
 ParOldGen       total 83968K, used 61552K [0x0000000080000000, 0x0000000085200000, 0x00000000d5580000)
  object space 83968K, 73% used [0x0000000080000000,0x0000000083c1c000,0x0000000085200000)
 Metaspace       used 57742K, committed 59136K, reserved 1114112K
  class space    used 6300K, committed 6912K, reserved 1048576K
}
Event: 13.485 GC heap before
{Heap before GC invocations=37 (full 3):
 PSYoungGen      total 20992K, used 20480K [0x00000000d5580000, 0x00000000d6e80000, 0x0000000100000000)
  eden space 20480K, 100% used [0x00000000d5580000,0x00000000d6980000,0x00000000d6980000)
  from space 512K, 0% used [0x00000000d6b80000,0x00000000d6b80000,0x00000000d6c00000)
  to   space 2048K, 0% used [0x00000000d6c80000,0x00000000d6c80000,0x00000000d6e80000)
 ParOldGen       total 83968K, used 61552K [0x0000000080000000, 0x0000000085200000, 0x00000000d5580000)
  object space 83968K, 73% used [0x0000000080000000,0x0000000083c1c000,0x0000000085200000)
 Metaspace       used 57756K, committed 59200K, reserved 1114112K
  class space    used 6300K, committed 6912K, reserved 1048576K
}
Event: 13.490 GC heap after
{Heap after GC invocations=37 (full 3):
 PSYoungGen      total 22528K, used 2042K [0x00000000d5580000, 0x00000000d6e80000, 0x0000000100000000)
  eden space 20480K, 0% used [0x00000000d5580000,0x00000000d5580000,0x00000000d6980000)
  from space 2048K, 99% used [0x00000000d6c80000,0x00000000d6e7ea18,0x00000000d6e80000)
  to   space 512K, 0% used [0x00000000d6b80000,0x00000000d6b80000,0x00000000d6c00000)
 ParOldGen       total 83968K, used 64760K [0x0000000080000000, 0x0000000085200000, 0x00000000d5580000)
  object space 83968K, 77% used [0x0000000080000000,0x0000000083f3e000,0x0000000085200000)
 Metaspace       used 57756K, committed 59200K, reserved 1114112K
  class space    used 6300K, committed 6912K, reserved 1048576K
}
Event: 13.543 GC heap before
{Heap before GC invocations=38 (full 3):
 PSYoungGen      total 22528K, used 22522K [0x00000000d5580000, 0x00000000d6e80000, 0x0000000100000000)
  eden space 20480K, 100% used [0x00000000d5580000,0x00000000d6980000,0x00000000d6980000)
  from space 2048K, 99% used [0x00000000d6c80000,0x00000000d6e7ea18,0x00000000d6e80000)
  to   space 512K, 0% used [0x00000000d6b80000,0x00000000d6b80000,0x00000000d6c00000)
 ParOldGen       total 83968K, used 64760K [0x0000000080000000, 0x0000000085200000, 0x00000000d5580000)
  object space 83968K, 77% used [0x0000000080000000,0x0000000083f3e000,0x0000000085200000)
 Metaspace       used 57790K, committed 59264K, reserved 1114112K
  class space    used 6300K, committed 6912K, reserved 1048576K
}
Event: 13.550 GC heap after
{Heap after GC invocations=38 (full 3):
 PSYoungGen      total 20992K, used 488K [0x00000000d5580000, 0x00000000d6e80000, 0x0000000100000000)
  eden space 20480K, 0% used [0x00000000d5580000,0x00000000d5580000,0x00000000d6980000)
  from space 512K, 95% used [0x00000000d6b80000,0x00000000d6bfa070,0x00000000d6c00000)
  to   space 2048K, 0% used [0x00000000d6c80000,0x00000000d6c80000,0x00000000d6e80000)
 ParOldGen       total 83968K, used 73029K [0x0000000080000000, 0x0000000085200000, 0x00000000d5580000)
  object space 83968K, 86% used [0x0000000080000000,0x0000000084751638,0x0000000085200000)
 Metaspace       used 57790K, committed 59264K, reserved 1114112K
  class space    used 6300K, committed 6912K, reserved 1048576K
}
Event: 13.604 GC heap before
{Heap before GC invocations=39 (full 3):
 PSYoungGen      total 20992K, used 20968K [0x00000000d5580000, 0x00000000d6e80000, 0x0000000100000000)
  eden space 20480K, 100% used [0x00000000d5580000,0x00000000d6980000,0x00000000d6980000)
  from space 512K, 95% used [0x00000000d6b80000,0x00000000d6bfa070,0x00000000d6c00000)
  to   space 2048K, 0% used [0x00000000d6c80000,0x00000000d6c80000,0x00000000d6e80000)
 ParOldGen       total 83968K, used 73031K [0x0000000080000000, 0x0000000085200000, 0x00000000d5580000)
  object space 83968K, 86% used [0x0000000080000000,0x0000000084751d80,0x0000000085200000)
 Metaspace       used 57964K, committed 59392K, reserved 1114112K
  class space    used 6306K, committed 6912K, reserved 1048576K
}
Event: 13.611 GC heap after
{Heap after GC invocations=39 (full 3):
 PSYoungGen      total 22528K, used 2024K [0x00000000d5580000, 0x00000000d6e80000, 0x0000000100000000)
  eden space 20480K, 0% used [0x00000000d5580000,0x00000000d5580000,0x00000000d6980000)
  from space 2048K, 98% used [0x00000000d6c80000,0x00000000d6e7a020,0x00000000d6e80000)
  to   space 512K, 0% used [0x00000000d6b80000,0x00000000d6b80000,0x00000000d6c00000)
 ParOldGen       total 83968K, used 78175K [0x0000000080000000, 0x0000000085200000, 0x00000000d5580000)
  object space 83968K, 93% used [0x0000000080000000,0x0000000084c57df0,0x0000000085200000)
 Metaspace       used 57964K, committed 59392K, reserved 1114112K
  class space    used 6306K, committed 6912K, reserved 1048576K
}
Event: 13.656 GC heap before
{Heap before GC invocations=40 (full 3):
 PSYoungGen      total 22528K, used 22504K [0x00000000d5580000, 0x00000000d6e80000, 0x0000000100000000)
  eden space 20480K, 100% used [0x00000000d5580000,0x00000000d6980000,0x00000000d6980000)
  from space 2048K, 98% used [0x00000000d6c80000,0x00000000d6e7a020,0x00000000d6e80000)
  to   space 512K, 0% used [0x00000000d6b80000,0x00000000d6b80000,0x00000000d6c00000)
 ParOldGen       total 83968K, used 78175K [0x0000000080000000, 0x0000000085200000, 0x00000000d5580000)
  object space 83968K, 93% used [0x0000000080000000,0x0000000084c57df0,0x0000000085200000)
 Metaspace       used 57986K, committed 59456K, reserved 1114112K
  class space    used 6308K, committed 6912K, reserved 1048576K
}
Event: 13.665 GC heap after
{Heap after GC invocations=40 (full 3):
 PSYoungGen      total 20992K, used 484K [0x00000000d5580000, 0x00000000d6e80000, 0x0000000100000000)
  eden space 20480K, 0% used [0x00000000d5580000,0x00000000d5580000,0x00000000d6980000)
  from space 512K, 94% used [0x00000000d6b80000,0x00000000d6bf9170,0x00000000d6c00000)
  to   space 2048K, 0% used [0x00000000d6c80000,0x00000000d6c80000,0x00000000d6e80000)
 ParOldGen       total 84992K, used 84942K [0x0000000080000000, 0x0000000085300000, 0x00000000d5580000)
  object space 84992K, 99% used [0x0000000080000000,0x00000000852f3ae8,0x0000000085300000)
 Metaspace       used 57986K, committed 59456K, reserved 1114112K
  class space    used 6308K, committed 6912K, reserved 1048576K
}

